Analysis & Synthesis report for IITB-RISC
Sun May 22 03:11:37 2022
Quartus Prime Version 20.1.1 Build 720 11/11/2020 SJ Lite Edition


---------------------
; Table of Contents ;
---------------------
  1. Legal Notice
  2. Analysis & Synthesis Summary
  3. Analysis & Synthesis Settings
  4. Parallel Compilation
  5. Analysis & Synthesis Source Files Read
  6. Analysis & Synthesis Resource Usage Summary
  7. Analysis & Synthesis Resource Utilization by Entity
  8. General Register Statistics
  9. Parameter Settings for User Entity Instance: exec_unit:Datapath|memory:memory_block
 10. Port Connectivity Checks: "state_control:FSM_control"
 11. Port Connectivity Checks: "exec_unit:Datapath|mux_4to1_3b:rg_mux"
 12. Port Connectivity Checks: "exec_unit:Datapath|mux_2to1_3b:ao1_mux"
 13. Port Connectivity Checks: "exec_unit:Datapath|mux_2to1_16b:inv_mux"
 14. Analysis & Synthesis Messages



----------------
; Legal Notice ;
----------------
Copyright (C) 2020  Intel Corporation. All rights reserved.
Your use of Intel Corporation's design tools, logic functions 
and other software and tools, and any partner logic 
functions, and any output files from any of the foregoing 
(including device programming or simulation files), and any 
associated documentation or information are expressly subject 
to the terms and conditions of the Intel Program License 
Subscription Agreement, the Intel Quartus Prime License Agreement,
the Intel FPGA IP License Agreement, or other applicable license
agreement, including, without limitation, that your use is for
the sole purpose of programming logic devices manufactured by
Intel and sold by Intel or its authorized distributors.  Please
refer to the applicable agreement for further details, at
https://fpgasoftware.intel.com/eula.



+---------------------------------------------------------------------------+
; Analysis & Synthesis Summary                                              ;
+-----------------------------+---------------------------------------------+
; Analysis & Synthesis Status ; Successful - Sun May 22 03:11:37 2022       ;
; Quartus Prime Version       ; 20.1.1 Build 720 11/11/2020 SJ Lite Edition ;
; Revision Name               ; IITB-RISC                                   ;
; Top-level Entity Name       ; IITB_RISC                                   ;
; Family                      ; MAX V                                       ;
; Total logic elements        ; 0                                           ;
; Total pins                  ; 2                                           ;
; Total virtual pins          ; 0                                           ;
; UFM blocks                  ; 0 / 1 ( 0 % )                               ;
+-----------------------------+---------------------------------------------+


+------------------------------------------------------------------------------------------------------------+
; Analysis & Synthesis Settings                                                                              ;
+------------------------------------------------------------------+--------------------+--------------------+
; Option                                                           ; Setting            ; Default Value      ;
+------------------------------------------------------------------+--------------------+--------------------+
; Device                                                           ; 5M1270ZT144C5      ;                    ;
; Top-level entity name                                            ; IITB_RISC          ; IITB-RISC          ;
; Family name                                                      ; MAX V              ; Cyclone V          ;
; Use smart compilation                                            ; Off                ; Off                ;
; Enable parallel Assembler and Timing Analyzer during compilation ; On                 ; On                 ;
; Enable compact report table                                      ; Off                ; Off                ;
; Restructure Multiplexers                                         ; Auto               ; Auto               ;
; Create Debugging Nodes for IP Cores                              ; Off                ; Off                ;
; Preserve fewer node names                                        ; On                 ; On                 ;
; Intel FPGA IP Evaluation Mode                                    ; Enable             ; Enable             ;
; Verilog Version                                                  ; Verilog_2001       ; Verilog_2001       ;
; VHDL Version                                                     ; VHDL_1993          ; VHDL_1993          ;
; State Machine Processing                                         ; Auto               ; Auto               ;
; Safe State Machine                                               ; Off                ; Off                ;
; Extract Verilog State Machines                                   ; On                 ; On                 ;
; Extract VHDL State Machines                                      ; On                 ; On                 ;
; Ignore Verilog initial constructs                                ; Off                ; Off                ;
; Iteration limit for constant Verilog loops                       ; 5000               ; 5000               ;
; Iteration limit for non-constant Verilog loops                   ; 250                ; 250                ;
; Add Pass-Through Logic to Inferred RAMs                          ; On                 ; On                 ;
; Infer RAMs from Raw Logic                                        ; On                 ; On                 ;
; Parallel Synthesis                                               ; On                 ; On                 ;
; NOT Gate Push-Back                                               ; On                 ; On                 ;
; Power-Up Don't Care                                              ; On                 ; On                 ;
; Remove Redundant Logic Cells                                     ; Off                ; Off                ;
; Remove Duplicate Registers                                       ; On                 ; On                 ;
; Ignore CARRY Buffers                                             ; Off                ; Off                ;
; Ignore CASCADE Buffers                                           ; Off                ; Off                ;
; Ignore GLOBAL Buffers                                            ; Off                ; Off                ;
; Ignore ROW GLOBAL Buffers                                        ; Off                ; Off                ;
; Ignore LCELL Buffers                                             ; Off                ; Off                ;
; Ignore SOFT Buffers                                              ; On                 ; On                 ;
; Limit AHDL Integers to 32 Bits                                   ; Off                ; Off                ;
; Optimization Technique                                           ; Balanced           ; Balanced           ;
; Carry Chain Length                                               ; 70                 ; 70                 ;
; Auto Carry Chains                                                ; On                 ; On                 ;
; Auto Open-Drain Pins                                             ; On                 ; On                 ;
; Perform WYSIWYG Primitive Resynthesis                            ; Off                ; Off                ;
; Auto Shift Register Replacement                                  ; Auto               ; Auto               ;
; Allow Shift Register Merging across Hierarchies                  ; Auto               ; Auto               ;
; Auto Clock Enable Replacement                                    ; On                 ; On                 ;
; Allow Synchronous Control Signals                                ; On                 ; On                 ;
; Force Use of Synchronous Clear Signals                           ; Off                ; Off                ;
; Auto Resource Sharing                                            ; Off                ; Off                ;
; Use LogicLock Constraints during Resource Balancing              ; On                 ; On                 ;
; Ignore translate_off and synthesis_off directives                ; Off                ; Off                ;
; Report Parameter Settings                                        ; On                 ; On                 ;
; Report Source Assignments                                        ; On                 ; On                 ;
; Report Connectivity Checks                                       ; On                 ; On                 ;
; Ignore Maximum Fan-Out Assignments                               ; Off                ; Off                ;
; Synchronization Register Chain Length                            ; 2                  ; 2                  ;
; Power Optimization During Synthesis                              ; Normal compilation ; Normal compilation ;
; HDL message level                                                ; Level2             ; Level2             ;
; Suppress Register Optimization Related Messages                  ; Off                ; Off                ;
; Number of Removed Registers Reported in Synthesis Report         ; 5000               ; 5000               ;
; Number of Swept Nodes Reported in Synthesis Report               ; 5000               ; 5000               ;
; Number of Inverted Registers Reported in Synthesis Report        ; 100                ; 100                ;
; Clock MUX Protection                                             ; On                 ; On                 ;
; Block Design Naming                                              ; Auto               ; Auto               ;
; Synthesis Effort                                                 ; Auto               ; Auto               ;
; Shift Register Replacement - Allow Asynchronous Clear Signal     ; On                 ; On                 ;
; Analysis & Synthesis Message Level                               ; Medium             ; Medium             ;
; Disable Register Merging Across Hierarchies                      ; Auto               ; Auto               ;
+------------------------------------------------------------------+--------------------+--------------------+


+------------------------------------------+
; Parallel Compilation                     ;
+----------------------------+-------------+
; Processors                 ; Number      ;
+----------------------------+-------------+
; Number detected on machine ; 4           ;
; Maximum allowed            ; 2           ;
;                            ;             ;
; Average used               ; 1.00        ;
; Maximum used               ; 1           ;
;                            ;             ;
; Usage by Processor         ; % Time Used ;
;     Processor 1            ; 100.0%      ;
+----------------------------+-------------+


+---------------------------------------------------------------------------------------------------------------------------------------------------------------------------------+
; Analysis & Synthesis Source Files Read                                                                                                                                          ;
+-------------------------------------------+-----------------+-----------------+---------------------------------------------------------------------------------------+---------+
; File Name with User-Entered Path          ; Used in Netlist ; File Type       ; File Name with Absolute Path                                                          ; Library ;
+-------------------------------------------+-----------------+-----------------+---------------------------------------------------------------------------------------+---------+
; state_control.vhdl                        ; yes             ; User VHDL File  ; C:/Users/prate/Desktop/IITB-RISC/VHDL-Files/state_control.vhdl                        ;         ;
; IITB_RISC.vhdl                            ; yes             ; User VHDL File  ; C:/Users/prate/Desktop/IITB-RISC/VHDL-Files/IITB_RISC.vhdl                            ;         ;
; exec_unit.vhdl                            ; yes             ; User VHDL File  ; C:/Users/prate/Desktop/IITB-RISC/VHDL-Files/exec_unit.vhdl                            ;         ;
; Datapath-Components/sign_extend_9_16.vhdl ; yes             ; User VHDL File  ; C:/Users/prate/Desktop/IITB-RISC/VHDL-Files/Datapath-Components/sign_extend_9_16.vhdl ;         ;
; Datapath-Components/sign_extend_6_16.vhdl ; yes             ; User VHDL File  ; C:/Users/prate/Desktop/IITB-RISC/VHDL-Files/Datapath-Components/sign_extend_6_16.vhdl ;         ;
; Datapath-Components/shifter7.vhdl         ; yes             ; User VHDL File  ; C:/Users/prate/Desktop/IITB-RISC/VHDL-Files/Datapath-Components/shifter7.vhdl         ;         ;
; Datapath-Components/reg_file.vhdl         ; yes             ; User VHDL File  ; C:/Users/prate/Desktop/IITB-RISC/VHDL-Files/Datapath-Components/reg_file.vhdl         ;         ;
; Datapath-Components/reg.vhdl              ; yes             ; User VHDL File  ; C:/Users/prate/Desktop/IITB-RISC/VHDL-Files/Datapath-Components/reg.vhdl              ;         ;
; Datapath-Components/mux_8to1_1b.vhdl      ; yes             ; User VHDL File  ; C:/Users/prate/Desktop/IITB-RISC/VHDL-Files/Datapath-Components/mux_8to1_1b.vhdl      ;         ;
; Datapath-Components/mux_4to1_16b.vhdl     ; yes             ; User VHDL File  ; C:/Users/prate/Desktop/IITB-RISC/VHDL-Files/Datapath-Components/mux_4to1_16b.vhdl     ;         ;
; Datapath-Components/mux_4to1_3b.vhdl      ; yes             ; User VHDL File  ; C:/Users/prate/Desktop/IITB-RISC/VHDL-Files/Datapath-Components/mux_4to1_3b.vhdl      ;         ;
; Datapath-Components/mux_2to1_16b.vhdl     ; yes             ; User VHDL File  ; C:/Users/prate/Desktop/IITB-RISC/VHDL-Files/Datapath-Components/mux_2to1_16b.vhdl     ;         ;
; Datapath-Components/mux_2to1_3b.vhdl      ; yes             ; User VHDL File  ; C:/Users/prate/Desktop/IITB-RISC/VHDL-Files/Datapath-Components/mux_2to1_3b.vhdl      ;         ;
; Datapath-Components/mux_2to1_1b.vhdl      ; yes             ; User VHDL File  ; C:/Users/prate/Desktop/IITB-RISC/VHDL-Files/Datapath-Components/mux_2to1_1b.vhdl      ;         ;
; Datapath-Components/memory.vhdl           ; yes             ; User VHDL File  ; C:/Users/prate/Desktop/IITB-RISC/VHDL-Files/Datapath-Components/memory.vhdl           ;         ;
; Datapath-Components/inverter_16.vhdl      ; yes             ; User VHDL File  ; C:/Users/prate/Desktop/IITB-RISC/VHDL-Files/Datapath-Components/inverter_16.vhdl      ;         ;
; Datapath-Components/demux_2to1_16b.vhdl   ; yes             ; User VHDL File  ; C:/Users/prate/Desktop/IITB-RISC/VHDL-Files/Datapath-Components/demux_2to1_16b.vhdl   ;         ;
; Datapath-Components/count_reg.vhdl        ; yes             ; User VHDL File  ; C:/Users/prate/Desktop/IITB-RISC/VHDL-Files/Datapath-Components/count_reg.vhdl        ;         ;
; Datapath-Components/CCR.vhdl              ; yes             ; User VHDL File  ; C:/Users/prate/Desktop/IITB-RISC/VHDL-Files/Datapath-Components/CCR.vhdl              ;         ;
; Datapath-Components/ALU.vhdl              ; yes             ; User VHDL File  ; C:/Users/prate/Desktop/IITB-RISC/VHDL-Files/Datapath-Components/ALU.vhdl              ;         ;
+-------------------------------------------+-----------------+-----------------+---------------------------------------------------------------------------------------+---------+


+-----------------------------------------------------+
; Analysis & Synthesis Resource Usage Summary         ;
+---------------------------------------------+-------+
; Resource                                    ; Usage ;
+---------------------------------------------+-------+
; Total logic elements                        ; 0     ;
;     -- Combinational with no register       ; 0     ;
;     -- Register only                        ; 0     ;
;     -- Combinational with a register        ; 0     ;
;                                             ;       ;
; Logic element usage by number of LUT inputs ;       ;
;     -- 4 input functions                    ; 0     ;
;     -- 3 input functions                    ; 0     ;
;     -- 2 input functions                    ; 0     ;
;     -- 1 input functions                    ; 0     ;
;     -- 0 input functions                    ; 0     ;
;                                             ;       ;
; Logic elements by mode                      ;       ;
;     -- normal mode                          ; 0     ;
;     -- arithmetic mode                      ; 0     ;
;     -- qfbk mode                            ; 0     ;
;     -- register cascade mode                ; 0     ;
;     -- synchronous clear/load mode          ; 0     ;
;     -- asynchronous clear/load mode         ; 0     ;
;                                             ;       ;
; Total registers                             ; 0     ;
; I/O pins                                    ; 2     ;
+---------------------------------------------+-------+


+------------------------------------------------------------------------------------------------------------------------------------------------------------------------------------------------------------------------------------+
; Analysis & Synthesis Resource Utilization by Entity                                                                                                                                                                                ;
+----------------------------+-------------+--------------+------------+------+--------------+--------------+-------------------+------------------+-----------------+------------+---------------------+-------------+--------------+
; Compilation Hierarchy Node ; Logic Cells ; LC Registers ; UFM Blocks ; Pins ; Virtual Pins ; LUT-Only LCs ; Register-Only LCs ; LUT/Register LCs ; Carry Chain LCs ; Packed LCs ; Full Hierarchy Name ; Entity Name ; Library Name ;
+----------------------------+-------------+--------------+------------+------+--------------+--------------+-------------------+------------------+-----------------+------------+---------------------+-------------+--------------+
; |IITB_RISC                 ; 0 (0)       ; 0            ; 0          ; 2    ; 0            ; 0 (0)        ; 0 (0)             ; 0 (0)            ; 0 (0)           ; 0 (0)      ; |IITB_RISC          ; IITB_RISC   ; work         ;
+----------------------------+-------------+--------------+------------+------+--------------+--------------+-------------------+------------------+-----------------+------------+---------------------+-------------+--------------+
Note: For table entries with two numbers listed, the numbers in parentheses indicate the number of resources of the given type used by the specific entity alone. The numbers listed outside of parentheses indicate the total resources of the given type used by the specific entity and all of its sub-entities in the hierarchy.


+------------------------------------------------------+
; General Register Statistics                          ;
+----------------------------------------------+-------+
; Statistic                                    ; Value ;
+----------------------------------------------+-------+
; Total registers                              ; 0     ;
; Number of registers using Synchronous Clear  ; 0     ;
; Number of registers using Synchronous Load   ; 0     ;
; Number of registers using Asynchronous Clear ; 0     ;
; Number of registers using Asynchronous Load  ; 0     ;
; Number of registers using Clock Enable       ; 0     ;
; Number of registers using Preset             ; 0     ;
+----------------------------------------------+-------+


+-------------------------------------------------------------------------------------+
; Parameter Settings for User Entity Instance: exec_unit:Datapath|memory:memory_block ;
+----------------+-------+------------------------------------------------------------+
; Parameter Name ; Value ; Type                                                       ;
+----------------+-------+------------------------------------------------------------+
; mem_a_width    ; 16    ; Signed Integer                                             ;
; data_width     ; 16    ; Signed Integer                                             ;
+----------------+-------+------------------------------------------------------------+
Note: In order to hide this table in the UI and the text report file, please set the "Show Parameter Settings in Synthesis Report" option in "Analysis and Synthesis Settings -> More Settings" to "Off".


+----------------------------------------------------------------------------------------------------------------+
; Port Connectivity Checks: "state_control:FSM_control"                                                          ;
+------+--------+----------+-------------------------------------------------------------------------------------+
; Port ; Type   ; Severity ; Details                                                                             ;
+------+--------+----------+-------------------------------------------------------------------------------------+
; y[9] ; Output ; Info     ; Connected to dangling logic. Logic that only feeds a dangling port will be removed. ;
+------+--------+----------+-------------------------------------------------------------------------------------+


+-------------------------------------------------------------------+
; Port Connectivity Checks: "exec_unit:Datapath|mux_4to1_3b:rg_mux" ;
+------+-------+----------+-----------------------------------------+
; Port ; Type  ; Severity ; Details                                 ;
+------+-------+----------+-----------------------------------------+
; x3   ; Input ; Info     ; Stuck at VCC                            ;
+------+-------+----------+-----------------------------------------+


+--------------------------------------------------------------------+
; Port Connectivity Checks: "exec_unit:Datapath|mux_2to1_3b:ao1_mux" ;
+------+-------+----------+------------------------------------------+
; Port ; Type  ; Severity ; Details                                  ;
+------+-------+----------+------------------------------------------+
; x0   ; Input ; Info     ; Stuck at VCC                             ;
+------+-------+----------+------------------------------------------+


+---------------------------------------------------------------------+
; Port Connectivity Checks: "exec_unit:Datapath|mux_2to1_16b:inv_mux" ;
+-----------+-------+----------+--------------------------------------+
; Port      ; Type  ; Severity ; Details                              ;
+-----------+-------+----------+--------------------------------------+
; x1[15..2] ; Input ; Info     ; Stuck at GND                         ;
; x1[1]     ; Input ; Info     ; Stuck at VCC                         ;
; x1[0]     ; Input ; Info     ; Stuck at GND                         ;
+-----------+-------+----------+--------------------------------------+


+-------------------------------+
; Analysis & Synthesis Messages ;
+-------------------------------+
Info: *******************************************************************
Info: Running Quartus Prime Analysis & Synthesis
    Info: Version 20.1.1 Build 720 11/11/2020 SJ Lite Edition
    Info: Processing started: Sun May 22 03:11:20 2022
Info: Command: quartus_map --read_settings_files=on --write_settings_files=off IITB-RISC -c IITB-RISC
Warning (18236): Number of processors has not been specified which may cause overloading on shared machines.  Set the global assignment NUM_PARALLEL_PROCESSORS in your QSF to an appropriate value for best performance.
Info (20030): Parallel compilation is enabled and will use 2 of the 2 processors detected
Info (12021): Found 2 design units, including 1 entities, in source file state_control.vhdl
    Info (12022): Found design unit 1: state_control-behav File: C:/Users/prate/Desktop/IITB-RISC/VHDL-Files/state_control.vhdl Line: 13
    Info (12023): Found entity 1: state_control File: C:/Users/prate/Desktop/IITB-RISC/VHDL-Files/state_control.vhdl Line: 4
Info (12021): Found 2 design units, including 1 entities, in source file iitb_risc.vhdl
    Info (12022): Found design unit 1: IITB_RISC-struct File: C:/Users/prate/Desktop/IITB-RISC/VHDL-Files/IITB_RISC.vhdl Line: 13
    Info (12023): Found entity 1: IITB_RISC File: C:/Users/prate/Desktop/IITB-RISC/VHDL-Files/IITB_RISC.vhdl Line: 9
Info (12021): Found 2 design units, including 1 entities, in source file exec_unit.vhdl
    Info (12022): Found design unit 1: exec_unit-behave File: C:/Users/prate/Desktop/IITB-RISC/VHDL-Files/exec_unit.vhdl Line: 37
    Info (12023): Found entity 1: exec_unit File: C:/Users/prate/Desktop/IITB-RISC/VHDL-Files/exec_unit.vhdl Line: 9
Info (12021): Found 2 design units, including 1 entities, in source file datapath-components/xor_16.vhdl
    Info (12022): Found design unit 1: xor_16-Struct File: C:/Users/prate/Desktop/IITB-RISC/VHDL-Files/Datapath-Components/xor_16.vhdl Line: 15
    Info (12023): Found entity 1: xor_16 File: C:/Users/prate/Desktop/IITB-RISC/VHDL-Files/Datapath-Components/xor_16.vhdl Line: 8
Info (12021): Found 2 design units, including 1 entities, in source file datapath-components/sign_extend_9_16.vhdl
    Info (12022): Found design unit 1: sign_extend_9_16-Struct File: C:/Users/prate/Desktop/IITB-RISC/VHDL-Files/Datapath-Components/sign_extend_9_16.vhdl Line: 14
    Info (12023): Found entity 1: sign_extend_9_16 File: C:/Users/prate/Desktop/IITB-RISC/VHDL-Files/Datapath-Components/sign_extend_9_16.vhdl Line: 8
Info (12021): Found 2 design units, including 1 entities, in source file datapath-components/sign_extend_6_16.vhdl
    Info (12022): Found design unit 1: sign_extend_6_16-Struct File: C:/Users/prate/Desktop/IITB-RISC/VHDL-Files/Datapath-Components/sign_extend_6_16.vhdl Line: 14
    Info (12023): Found entity 1: sign_extend_6_16 File: C:/Users/prate/Desktop/IITB-RISC/VHDL-Files/Datapath-Components/sign_extend_6_16.vhdl Line: 8
Info (12021): Found 2 design units, including 1 entities, in source file datapath-components/shifter7.vhdl
    Info (12022): Found design unit 1: shifter7-Struct File: C:/Users/prate/Desktop/IITB-RISC/VHDL-Files/Datapath-Components/shifter7.vhdl Line: 14
    Info (12023): Found entity 1: shifter7 File: C:/Users/prate/Desktop/IITB-RISC/VHDL-Files/Datapath-Components/shifter7.vhdl Line: 8
Info (12021): Found 2 design units, including 1 entities, in source file datapath-components/reg_file.vhdl
    Info (12022): Found design unit 1: reg_file-behave File: C:/Users/prate/Desktop/IITB-RISC/VHDL-Files/Datapath-Components/reg_file.vhdl Line: 15
    Info (12023): Found entity 1: reg_file File: C:/Users/prate/Desktop/IITB-RISC/VHDL-Files/Datapath-Components/reg_file.vhdl Line: 5
Info (12021): Found 2 design units, including 1 entities, in source file datapath-components/reg.vhdl
    Info (12022): Found design unit 1: reg-struct File: C:/Users/prate/Desktop/IITB-RISC/VHDL-Files/Datapath-Components/reg.vhdl Line: 12
    Info (12023): Found entity 1: reg File: C:/Users/prate/Desktop/IITB-RISC/VHDL-Files/Datapath-Components/reg.vhdl Line: 5
Info (12021): Found 2 design units, including 1 entities, in source file datapath-components/mux_8to1_16b.vhdl
    Info (12022): Found design unit 1: mux_8to1_16-Behavioral File: C:/Users/prate/Desktop/IITB-RISC/VHDL-Files/Datapath-Components/mux_8to1_16b.vhdl Line: 13
    Info (12023): Found entity 1: mux_8to1_16 File: C:/Users/prate/Desktop/IITB-RISC/VHDL-Files/Datapath-Components/mux_8to1_16b.vhdl Line: 6
Info (12021): Found 2 design units, including 1 entities, in source file datapath-components/mux_8to1_1b.vhdl
    Info (12022): Found design unit 1: mux_8to1_1b-Behavioral File: C:/Users/prate/Desktop/IITB-RISC/VHDL-Files/Datapath-Components/mux_8to1_1b.vhdl Line: 11
    Info (12023): Found entity 1: mux_8to1_1b File: C:/Users/prate/Desktop/IITB-RISC/VHDL-Files/Datapath-Components/mux_8to1_1b.vhdl Line: 5
Info (12021): Found 2 design units, including 1 entities, in source file datapath-components/mux_4to1_16b.vhdl
    Info (12022): Found design unit 1: mux_4to1_16b-Behavioral File: C:/Users/prate/Desktop/IITB-RISC/VHDL-Files/Datapath-Components/mux_4to1_16b.vhdl Line: 13
    Info (12023): Found entity 1: mux_4to1_16b File: C:/Users/prate/Desktop/IITB-RISC/VHDL-Files/Datapath-Components/mux_4to1_16b.vhdl Line: 4
Info (12021): Found 2 design units, including 1 entities, in source file datapath-components/mux_4to1_3b.vhdl
    Info (12022): Found design unit 1: mux_4to1_3b-Behavioral File: C:/Users/prate/Desktop/IITB-RISC/VHDL-Files/Datapath-Components/mux_4to1_3b.vhdl Line: 13
    Info (12023): Found entity 1: mux_4to1_3b File: C:/Users/prate/Desktop/IITB-RISC/VHDL-Files/Datapath-Components/mux_4to1_3b.vhdl Line: 4
Info (12021): Found 2 design units, including 1 entities, in source file datapath-components/mux_2to1_16b.vhdl
    Info (12022): Found design unit 1: mux_2to1_16b-Behavioral File: C:/Users/prate/Desktop/IITB-RISC/VHDL-Files/Datapath-Components/mux_2to1_16b.vhdl Line: 13
    Info (12023): Found entity 1: mux_2to1_16b File: C:/Users/prate/Desktop/IITB-RISC/VHDL-Files/Datapath-Components/mux_2to1_16b.vhdl Line: 4
Info (12021): Found 2 design units, including 1 entities, in source file datapath-components/mux_2to1_3b.vhdl
    Info (12022): Found design unit 1: mux_2to1_3b-Behavioral File: C:/Users/prate/Desktop/IITB-RISC/VHDL-Files/Datapath-Components/mux_2to1_3b.vhdl Line: 13
    Info (12023): Found entity 1: mux_2to1_3b File: C:/Users/prate/Desktop/IITB-RISC/VHDL-Files/Datapath-Components/mux_2to1_3b.vhdl Line: 4
Info (12021): Found 2 design units, including 1 entities, in source file datapath-components/mux_2to1_1b.vhdl
    Info (12022): Found design unit 1: mux_2to1_1b-Behavioral File: C:/Users/prate/Desktop/IITB-RISC/VHDL-Files/Datapath-Components/mux_2to1_1b.vhdl Line: 13
    Info (12023): Found entity 1: mux_2to1_1b File: C:/Users/prate/Desktop/IITB-RISC/VHDL-Files/Datapath-Components/mux_2to1_1b.vhdl Line: 4
Info (12021): Found 2 design units, including 1 entities, in source file datapath-components/memory.vhdl
    Info (12022): Found design unit 1: memory-behave File: C:/Users/prate/Desktop/IITB-RISC/VHDL-Files/Datapath-Components/memory.vhdl Line: 23
    Info (12023): Found entity 1: memory File: C:/Users/prate/Desktop/IITB-RISC/VHDL-Files/Datapath-Components/memory.vhdl Line: 5
Info (12021): Found 2 design units, including 1 entities, in source file datapath-components/inverter_16.vhdl
    Info (12022): Found design unit 1: inverter_16-struct File: C:/Users/prate/Desktop/IITB-RISC/VHDL-Files/Datapath-Components/inverter_16.vhdl Line: 12
    Info (12023): Found entity 1: inverter_16 File: C:/Users/prate/Desktop/IITB-RISC/VHDL-Files/Datapath-Components/inverter_16.vhdl Line: 5
Info (12021): Found 2 design units, including 1 entities, in source file datapath-components/instr_reg.vhdl
    Info (12022): Found design unit 1: instr_reg-struct File: C:/Users/prate/Desktop/IITB-RISC/VHDL-Files/Datapath-Components/Instr_reg.vhdl Line: 12
    Info (12023): Found entity 1: instr_reg File: C:/Users/prate/Desktop/IITB-RISC/VHDL-Files/Datapath-Components/Instr_reg.vhdl Line: 5
Info (12021): Found 2 design units, including 1 entities, in source file datapath-components/demux_2to1_16b.vhdl
    Info (12022): Found design unit 1: demux_2to1_16b-Behavioral File: C:/Users/prate/Desktop/IITB-RISC/VHDL-Files/Datapath-Components/demux_2to1_16b.vhdl Line: 12
    Info (12023): Found entity 1: demux_2to1_16b File: C:/Users/prate/Desktop/IITB-RISC/VHDL-Files/Datapath-Components/demux_2to1_16b.vhdl Line: 4
Info (12021): Found 2 design units, including 1 entities, in source file datapath-components/count_reg.vhdl
    Info (12022): Found design unit 1: Count_reg-behav File: C:/Users/prate/Desktop/IITB-RISC/VHDL-Files/Datapath-Components/count_reg.vhdl Line: 12
    Info (12023): Found entity 1: Count_reg File: C:/Users/prate/Desktop/IITB-RISC/VHDL-Files/Datapath-Components/count_reg.vhdl Line: 4
Info (12021): Found 2 design units, including 1 entities, in source file datapath-components/ccr.vhdl
    Info (12022): Found design unit 1: CCR-struct File: C:/Users/prate/Desktop/IITB-RISC/VHDL-Files/Datapath-Components/CCR.vhdl Line: 13
    Info (12023): Found entity 1: CCR File: C:/Users/prate/Desktop/IITB-RISC/VHDL-Files/Datapath-Components/CCR.vhdl Line: 5
Info (12021): Found 2 design units, including 1 entities, in source file datapath-components/alu.vhdl
    Info (12022): Found design unit 1: ALU-behave File: C:/Users/prate/Desktop/IITB-RISC/VHDL-Files/Datapath-Components/ALU.vhdl Line: 18
    Info (12023): Found entity 1: ALU File: C:/Users/prate/Desktop/IITB-RISC/VHDL-Files/Datapath-Components/ALU.vhdl Line: 8
Info (12127): Elaborating entity "IITB_RISC" for the top level hierarchy
Info (12128): Elaborating entity "exec_unit" for hierarchy "exec_unit:Datapath" File: C:/Users/prate/Desktop/IITB-RISC/VHDL-Files/IITB_RISC.vhdl Line: 54
Warning (10541): VHDL Signal Declaration warning at exec_unit.vhdl(208): used implicit default value for signal "mem_a_in" because signal was never assigned a value or an explicit default value. Use of implicit default value may introduce unintended design optimizations. File: C:/Users/prate/Desktop/IITB-RISC/VHDL-Files/exec_unit.vhdl Line: 208
Info (12128): Elaborating entity "reg" for hierarchy "exec_unit:Datapath|reg:store_reg" File: C:/Users/prate/Desktop/IITB-RISC/VHDL-Files/exec_unit.vhdl Line: 217
Info (12128): Elaborating entity "mux_2to1_16b" for hierarchy "exec_unit:Datapath|mux_2to1_16b:mem_a_mux" File: C:/Users/prate/Desktop/IITB-RISC/VHDL-Files/exec_unit.vhdl Line: 218
Info (12128): Elaborating entity "memory" for hierarchy "exec_unit:Datapath|memory:memory_block" File: C:/Users/prate/Desktop/IITB-RISC/VHDL-Files/exec_unit.vhdl Line: 219
Info (12128): Elaborating entity "demux_2to1_16b" for hierarchy "exec_unit:Datapath|demux_2to1_16b:mem_demux" File: C:/Users/prate/Desktop/IITB-RISC/VHDL-Files/exec_unit.vhdl Line: 220
Info (12128): Elaborating entity "ALU" for hierarchy "exec_unit:Datapath|ALU:ALunit" File: C:/Users/prate/Desktop/IITB-RISC/VHDL-Files/exec_unit.vhdl Line: 224
Warning (10631): VHDL Process Statement warning at ALU.vhdl(24): inferring latch(es) for signal or variable "c_out", which holds its previous value in one or more paths through the process File: C:/Users/prate/Desktop/IITB-RISC/VHDL-Files/Datapath-Components/ALU.vhdl Line: 24
Info (10041): Inferred latch for "c_out" at ALU.vhdl(24) File: C:/Users/prate/Desktop/IITB-RISC/VHDL-Files/Datapath-Components/ALU.vhdl Line: 24
Info (12128): Elaborating entity "mux_2to1_1b" for hierarchy "exec_unit:Datapath|mux_2to1_1b:opmux" File: C:/Users/prate/Desktop/IITB-RISC/VHDL-Files/exec_unit.vhdl Line: 225
Info (12128): Elaborating entity "CCR" for hierarchy "exec_unit:Datapath|CCR:flag_unit" File: C:/Users/prate/Desktop/IITB-RISC/VHDL-Files/exec_unit.vhdl Line: 226
Info (12128): Elaborating entity "mux_4to1_16b" for hierarchy "exec_unit:Datapath|mux_4to1_16b:Balu_mux" File: C:/Users/prate/Desktop/IITB-RISC/VHDL-Files/exec_unit.vhdl Line: 230
Info (12128): Elaborating entity "inverter_16" for hierarchy "exec_unit:Datapath|inverter_16:inv1" File: C:/Users/prate/Desktop/IITB-RISC/VHDL-Files/exec_unit.vhdl Line: 232
Info (12128): Elaborating entity "sign_extend_6_16" for hierarchy "exec_unit:Datapath|sign_extend_6_16:sign_ex6_16" File: C:/Users/prate/Desktop/IITB-RISC/VHDL-Files/exec_unit.vhdl Line: 234
Info (12128): Elaborating entity "sign_extend_9_16" for hierarchy "exec_unit:Datapath|sign_extend_9_16:sign_ex9_16" File: C:/Users/prate/Desktop/IITB-RISC/VHDL-Files/exec_unit.vhdl Line: 235
Info (12128): Elaborating entity "reg_file" for hierarchy "exec_unit:Datapath|reg_file:RegisterFile" File: C:/Users/prate/Desktop/IITB-RISC/VHDL-Files/exec_unit.vhdl Line: 248
Info (12128): Elaborating entity "mux_2to1_3b" for hierarchy "exec_unit:Datapath|mux_2to1_3b:ao1_mux" File: C:/Users/prate/Desktop/IITB-RISC/VHDL-Files/exec_unit.vhdl Line: 249
Info (12128): Elaborating entity "mux_4to1_3b" for hierarchy "exec_unit:Datapath|mux_4to1_3b:rg_mux" File: C:/Users/prate/Desktop/IITB-RISC/VHDL-Files/exec_unit.vhdl Line: 255
Info (12128): Elaborating entity "Count_reg" for hierarchy "exec_unit:Datapath|Count_reg:count" File: C:/Users/prate/Desktop/IITB-RISC/VHDL-Files/exec_unit.vhdl Line: 259
Info (12128): Elaborating entity "shifter7" for hierarchy "exec_unit:Datapath|shifter7:shft" File: C:/Users/prate/Desktop/IITB-RISC/VHDL-Files/exec_unit.vhdl Line: 262
Info (12128): Elaborating entity "mux_8to1_1b" for hierarchy "exec_unit:Datapath|mux_8to1_1b:LSbit" File: C:/Users/prate/Desktop/IITB-RISC/VHDL-Files/exec_unit.vhdl Line: 265
Info (12128): Elaborating entity "state_control" for hierarchy "state_control:FSM_control" File: C:/Users/prate/Desktop/IITB-RISC/VHDL-Files/IITB_RISC.vhdl Line: 61
Warning (21074): Design contains 2 input pin(s) that do not drive logic
    Warning (15610): No output dependent on input pin "clock" File: C:/Users/prate/Desktop/IITB-RISC/VHDL-Files/IITB_RISC.vhdl Line: 10
    Warning (15610): No output dependent on input pin "reset" File: C:/Users/prate/Desktop/IITB-RISC/VHDL-Files/IITB_RISC.vhdl Line: 10
Info (21057): Implemented 2 device resources after synthesis - the final resource count might be different
    Info (21058): Implemented 2 input pins
    Info (21059): Implemented 0 output pins
Info: Quartus Prime Analysis & Synthesis was successful. 0 errors, 6 warnings
    Info: Peak virtual memory: 4759 megabytes
    Info: Processing ended: Sun May 22 03:11:37 2022
    Info: Elapsed time: 00:00:17
    Info: Total CPU time (on all processors): 00:00:35


